2016-01-18 11:59:20,480 CRIT Supervisor running as root (no user in config file)
2016-01-18 11:59:20,497 INFO supervisord started with pid 1
2016-01-18 11:59:21,503 INFO spawned: 'deviceAuthenticationService' with pid 8
2016-01-18 11:59:21,505 INFO spawned: 'logstash-deviceAuthenticationService' with pid 9
2016-01-18 11:59:21,517 INFO spawned: 'omdagent-deviceAuthenticationService' with pid 10
2016-01-18 11:59:21,923 INFO exited: omdagent-deviceAuthenticationService (exit status 0; not expected)
2016-01-18 11:59:22,925 INFO success: deviceAuthenticationService entered RUNNING state, process has stayed up for > than 1 seconds (startsecs)
2016-01-18 11:59:22,925 INFO success: logstash-deviceAuthenticationService entered RUNNING state, process has stayed up for > than 1 seconds (startsecs)
2016-01-18 11:59:22,926 INFO spawned: 'omdagent-deviceAuthenticationService' with pid 26
2016-01-18 11:59:23,064 INFO exited: omdagent-deviceAuthenticationService (exit status 0; not expected)
2016-01-18 11:59:23,072 INFO reaped unknown pid 27
2016-01-18 11:59:25,079 INFO spawned: 'omdagent-deviceAuthenticationService' with pid 28
2016-01-18 11:59:25,217 INFO exited: omdagent-deviceAuthenticationService (exit status 0; not expected)
2016-01-18 11:59:25,320 INFO reaped unknown pid 29
2016-01-18 11:59:28,978 INFO spawned: 'omdagent-deviceAuthenticationService' with pid 30
2016-01-18 11:59:29,112 INFO exited: omdagent-deviceAuthenticationService (exit status 0; not expected)
2016-01-18 11:59:29,371 INFO reaped unknown pid 31
2016-01-18 11:59:32,525 WARN received SIGTERM indicating exit request
2016-01-18 11:59:32,525 INFO waiting for logstash-deviceAuthenticationService, deviceAuthenticationService to die
2016-01-18 11:59:33,528 INFO stopped: logstash-deviceAuthenticationService (exit status 2)
2016-01-18 11:59:33,548 INFO stopped: deviceAuthenticationService (exit status 143)
2016-01-18 11:59:39,597 CRIT Supervisor running as root (no user in config file)
2016-01-18 11:59:39,864 INFO supervisord started with pid 1
2016-01-18 11:59:40,906 INFO spawned: 'deviceAuthenticationService' with pid 8
2016-01-18 11:59:40,908 INFO spawned: 'logstash-deviceAuthenticationService' with pid 9
2016-01-18 11:59:40,910 INFO spawned: 'omdagent-deviceAuthenticationService' with pid 10
2016-01-18 11:59:41,198 INFO exited: omdagent-deviceAuthenticationService (exit status 0; not expected)
2016-01-18 11:59:42,201 INFO success: deviceAuthenticationService entered RUNNING state, process has stayed up for > than 1 seconds (startsecs)
2016-01-18 11:59:42,201 INFO success: logstash-deviceAuthenticationService entered RUNNING state, process has stayed up for > than 1 seconds (startsecs)
2016-01-18 11:59:42,203 INFO spawned: 'omdagent-deviceAuthenticationService' with pid 26
2016-01-18 11:59:42,477 INFO exited: omdagent-deviceAuthenticationService (exit status 0; not expected)
2016-01-18 11:59:42,502 INFO reaped unknown pid 27
2016-01-18 11:59:44,900 INFO spawned: 'omdagent-deviceAuthenticationService' with pid 28
2016-01-18 11:59:45,031 INFO exited: omdagent-deviceAuthenticationService (exit status 0; not expected)
2016-01-18 11:59:45,046 INFO reaped unknown pid 29
2016-01-18 11:59:48,053 INFO spawned: 'omdagent-deviceAuthenticationService' with pid 30
2016-01-18 11:59:48,277 INFO exited: omdagent-deviceAuthenticationService (exit status 0; not expected)
2016-01-18 11:59:48,330 INFO reaped unknown pid 31
2016-01-18 11:59:52,338 INFO spawned: 'omdagent-deviceAuthenticationService' with pid 32
2016-01-18 11:59:52,660 INFO exited: omdagent-deviceAuthenticationService (exit status 0; not expected)
2016-01-18 11:59:52,673 INFO reaped unknown pid 33
2016-01-18 11:59:57,858 INFO spawned: 'omdagent-deviceAuthenticationService' with pid 34
2016-01-18 11:59:58,073 INFO exited: omdagent-deviceAuthenticationService (exit status 0; not expected)
2016-01-18 11:59:58,084 INFO reaped unknown pid 35
2016-01-18 12:00:04,319 INFO spawned: 'omdagent-deviceAuthenticationService' with pid 37
2016-01-18 12:00:04,941 INFO exited: omdagent-deviceAuthenticationService (exit status 0; not expected)
2016-01-18 12:00:04,969 INFO reaped unknown pid 38
2016-01-18 12:00:11,965 INFO spawned: 'omdagent-deviceAuthenticationService' with pid 39
2016-01-18 12:00:12,474 INFO exited: omdagent-deviceAuthenticationService (exit status 0; not expected)
2016-01-18 12:00:12,489 INFO reaped unknown pid 40
2016-01-18 12:00:20,950 INFO spawned: 'omdagent-deviceAuthenticationService' with pid 41
2016-01-18 12:00:21,425 INFO exited: omdagent-deviceAuthenticationService (exit status 0; not expected)
2016-01-18 12:00:21,475 INFO reaped unknown pid 42
2016-01-18 12:00:30,518 INFO spawned: 'omdagent-deviceAuthenticationService' with pid 43
2016-01-18 12:00:30,817 INFO exited: omdagent-deviceAuthenticationService (exit status 0; not expected)
2016-01-18 12:00:30,914 INFO reaped unknown pid 44
2016-01-18 12:00:41,200 INFO spawned: 'omdagent-deviceAuthenticationService' with pid 46
2016-01-18 12:00:41,753 INFO exited: omdagent-deviceAuthenticationService (exit status 0; not expected)
2016-01-18 12:00:41,758 INFO reaped unknown pid 47
2016-01-18 12:00:52,921 INFO spawned: 'omdagent-deviceAuthenticationService' with pid 50
2016-01-18 12:00:53,397 INFO exited: omdagent-deviceAuthenticationService (exit status 0; not expected)
2016-01-18 12:00:53,441 INFO reaped unknown pid 51
2016-01-18 12:01:06,339 INFO spawned: 'omdagent-deviceAuthenticationService' with pid 54
2016-01-18 12:01:07,345 INFO success: omdagent-deviceAuthenticationService entered RUNNING state, process has stayed up for > than 1 seconds (startsecs)
2016-01-18 12:01:07,551 INFO exited: omdagent-deviceAuthenticationService (exit status 0; expected)
2016-01-18 12:01:07,715 INFO reaped unknown pid 55
